node:internal/modules/cjs/loader:1423
  throw err;
  ^

Error: Cannot find module 'depd'
Require stack:
- /Users/prajanv/Desktop/crimeye-pro/node_modules/body-parser/index.js
- /Users/prajanv/Desktop/crimeye-pro/node_modules/express/lib/express.js
- /Users/prajanv/Desktop/crimeye-pro/node_modules/express/index.js
- /Users/prajanv/Desktop/crimeye-pro/server.js
    at Module._resolveFilename (node:internal/modules/cjs/loader:1420:15)
    at defaultResolveImpl (node:internal/modules/cjs/loader:1058:19)
    at resolveForCJSWithHooks (node:internal/modules/cjs/loader:1063:22)
    at Module._load (node:internal/modules/cjs/loader:1226:37)
    at TracingChannel.traceSync (node:diagnostics_channel:328:14)
    at wrapModuleLoad (node:internal/modules/cjs/loader:244:24)
    at Module.require (node:internal/modules/cjs/loader:1503:12)
    at require (node:internal/modules/helpers:152:16)
    at Object.<anonymous> (/Users/prajanv/Desktop/crimeye-pro/node_modules/body-parser/index.js:14:17)
    at Module._compile (node:internal/modules/cjs/loader:1760:14) {
  code: 'MODULE_NOT_FOUND',
  requireStack: [
    '/Users/prajanv/Desktop/crimeye-pro/node_modules/body-parser/index.js',
    '/Users/prajanv/Desktop/crimeye-pro/node_modules/express/lib/express.js',
    '/Users/prajanv/Desktop/crimeye-pro/node_modules/express/index.js',
    '/Users/prajanv/Desktop/crimeye-pro/server.js'
  ]
}

Node.js v24.10.0
